c:\users\forev\onedrive\desktop\practicaone\holasdl\debug\vc142.pdb
c:\users\forev\onedrive\desktop\practicaone\holasdl\debug\vc142.idb
c:\users\forev\onedrive\desktop\practicaone\holasdl\debug\vector2d.obj
c:\users\forev\onedrive\desktop\practicaone\holasdl\debug\texture.obj
c:\users\forev\onedrive\desktop\practicaone\holasdl\debug\scores.obj
c:\users\forev\onedrive\desktop\practicaone\holasdl\debug\scoreboard.obj
c:\users\forev\onedrive\desktop\practicaone\holasdl\debug\reward.obj
c:\users\forev\onedrive\desktop\practicaone\holasdl\debug\main.obj
c:\users\forev\onedrive\desktop\practicaone\holasdl\debug\game.obj
c:\users\forev\onedrive\desktop\practicaone\holasdl\debug\butterfly.obj
c:\users\forev\onedrive\desktop\practicaone\holasdl\debug\bow.obj
c:\users\forev\onedrive\desktop\practicaone\holasdl\debug\balloon.obj
c:\users\forev\onedrive\desktop\practicaone\holasdl\debug\arrowsgameobject.obj
c:\users\forev\onedrive\desktop\practicaone\holasdl\debug\arrow.obj
c:\users\anass\desktop\practicaone\holasdl\debug\vc142.pdb
c:\users\anass\desktop\practicaone\holasdl\debug\vc142.idb
c:\users\anass\desktop\practicaone\holasdl\debug\scores.obj
c:\users\anass\desktop\practicaone\holasdl\debug\texture.obj
c:\users\anass\desktop\practicaone\holasdl\debug\vector2d.obj
c:\users\anass\desktop\practicaone\holasdl\debug\scoreboard.obj
c:\users\anass\desktop\practicaone\holasdl\debug\reward.obj
c:\users\anass\desktop\practicaone\holasdl\debug\main.obj
c:\users\forev\onedrive\desktop\practicaone\bin\holasdldebug.ilk
c:\users\forev\onedrive\desktop\practicaone\bin\holasdldebug.exe
c:\users\forev\onedrive\desktop\practicaone\bin\holasdldebug.pdb
c:\users\anass\desktop\practicaone\holasdl\debug\arrow.obj
c:\users\anass\desktop\practicaone\holasdl\debug\arrowsgameobject.obj
c:\users\anass\desktop\practicaone\holasdl\debug\balloon.obj
c:\users\anass\desktop\practicaone\holasdl\debug\bow.obj
c:\users\anass\desktop\practicaone\holasdl\debug\butterfly.obj
c:\users\anass\desktop\practicaone\bin\holasdldebug.pdb
c:\users\anass\desktop\practicaone\bin\holasdldebug.exe
c:\users\anass\desktop\practicaone\bin\holasdldebug.ilk
c:\users\anass\desktop\practicaone\holasdl\debug\holasdl.tlog\cl.command.1.tlog
c:\users\anass\desktop\practicaone\holasdl\debug\holasdl.tlog\cl.read.1.tlog
c:\users\anass\desktop\practicaone\holasdl\debug\holasdl.tlog\cl.write.1.tlog
c:\users\anass\desktop\practicaone\holasdl\debug\holasdl.tlog\link.command.1.tlog
c:\users\anass\desktop\practicaone\holasdl\debug\holasdl.tlog\link.read.1.tlog
c:\users\anass\desktop\practicaone\holasdl\debug\holasdl.tlog\link.write.1.tlog
